Сборка начата 10.12.2024 22:37:02.
Уровень детализации журнала: Normal.     1>Проект "D:\BSTU\3 семестр\КПО\Лабораторная 19\SE_asm01\SE_asm01c\SE_asm01c.vcxproj" в узле 4 (целевые объекты Rebuild).
     1>_PrepareForClean:
         Файл "Debug\SE_asm01c.tlog\SE_asm01c.lastbuildstate" удаляется.
       PrepareForBuild:
         Структурированный вывод включен. Форматирование диагностики компилятора будет отражать иерархию ошибок. Подробнее см. https://aka.ms/cpp/structured-output.
       InitializeBuildStatus:
         Создание "Debug\SE_asm01c.tlog\unsuccessfulbuild", так как было задано "AlwaysCreate".
         Обращение к "Debug\SE_asm01c.tlog\unsuccessfulbuild".
       ClCompile:
         C:\Program Files\Microsoft Visual Studio\2022\Community\VC\Tools\MSVC\14.42.34433\bin\HostX86\x86\CL.exe /c /ZI /JMC /nologo /W3 /WX- /diagnostics:column /sdl /Od /Oy- /D WIN32 /D _DEBUG /D _CONSOLE /D _UNICODE /D UNICODE /Gm- /EHsc /RTC1 /MDd /GS /fp:precise /Zc:wchar_t /Zc:forScope /Zc:inline /permissive- /Fo"Debug\\" /Fd"Debug\vc143.pdb" /external:W3 /Gd /TP /analyze- /FC /errorReport:prompt SE_asm01c.cpp
         SE_asm01c.cpp
       Link:
         C:\Program Files\Microsoft Visual Studio\2022\Community\VC\Tools\MSVC\14.42.34433\bin\HostX86\x86\link.exe /ERRORREPORT:PROMPT /OUT:"D:\BSTU\3 семестр\КПО\Лабораторная 19\SE_asm01\Debug\SE_asm01c.exe" /INCREMENTAL /ILK:"Debug\SE_asm01c.ilk" /NOLOGO kernel32.lib user32.lib gdi32.lib winspool.lib comdlg32.lib advapi32.lib shell32.lib ole32.lib oleaut32.lib uuid.lib odbc32.lib odbccp32.lib /MANIFEST /MANIFESTUAC:"level='asInvoker' uiAccess='false'" /manifest:embed /DEBUG /PDB:"D:\BSTU\3 семестр\КПО\Лабораторная 19\SE_asm01\Debug\SE_asm01c.pdb" /SUBSYSTEM:CONSOLE /TLBID:1 /DYNAMICBASE /NXCOMPAT /IMPLIB:"D:\BSTU\3 семестр\КПО\Лабораторная 19\SE_asm01\Debug\SE_asm01c.lib" /MACHINE:X86 Debug\SE_asm01c.obj
         SE_asm01c.vcxproj -> D:\BSTU\3 семестр\КПО\Лабораторная 19\SE_asm01\Debug\SE_asm01c.exe
       FinalizeBuildStatus:
         Файл "Debug\SE_asm01c.tlog\unsuccessfulbuild" удаляется.
         Обращение к "Debug\SE_asm01c.tlog\SE_asm01c.lastbuildstate".
     1>Сборка проекта "D:\BSTU\3 семестр\КПО\Лабораторная 19\SE_asm01\SE_asm01c\SE_asm01c.vcxproj" завершена (целевые объекты Rebuild).

Сборка успешно завершена.
    Предупреждений: 0
    Ошибок: 0

Прошло времени 00:00:01.19
