Сборка начата 25.12.2024 13:30:53.
Уровень детализации журнала: Normal.     1>Проект "D:\BSTU\3 семестр\АиСД\Лаб 11 100 заключенных\100Prisoners\100Prisoners\100Prisoners.vcxproj" в узле 2 (целевые объекты Build).
     1>PrepareForBuild:
         Структурированный вывод включен. Форматирование диагностики компилятора будет отражать иерархию ошибок. Подробнее см. https://aka.ms/cpp/structured-output.
       InitializeBuildStatus:
         Создание "x64\Debug\100Prisoners.tlog\unsuccessfulbuild", так как было задано "AlwaysCreate".
         Обращение к "x64\Debug\100Prisoners.tlog\unsuccessfulbuild".
       ClCompile:
         C:\Program Files\Microsoft Visual Studio\2022\Community\VC\Tools\MSVC\14.42.34433\bin\HostX64\x64\CL.exe /c /ZI /JMC /nologo /W3 /WX- /diagnostics:column /sdl /Od /D _DEBUG /D _CONSOLE /D _UNICODE /D UNICODE /Gm- /EHsc /RTC1 /MDd /GS /fp:precise /Zc:wchar_t /Zc:forScope /Zc:inline /permissive- /Fo"x64\Debug\\" /Fd"x64\Debug\vc143.pdb" /external:W3 /Gd /TP /FC /errorReport:prompt 100Prisoners.cpp
         100Prisoners.cpp
     1>D:\BSTU\3 семестр\АиСД\Лаб 11 100 заключенных\100Prisoners\100Prisoners\100Prisoners.cpp(59,15): warning C4244: аргумент: преобразование "time_t" в "unsigned int", возможна потеря данных
       Link:
         C:\Program Files\Microsoft Visual Studio\2022\Community\VC\Tools\MSVC\14.42.34433\bin\HostX64\x64\link.exe /ERRORREPORT:PROMPT /OUT:"D:\BSTU\3 семестр\АиСД\Лаб 11 100 заключенных\100Prisoners\x64\Debug\100Prisoners.exe" /INCREMENTAL /ILK:"x64\Debug\100Prisoners.ilk" /NOLOGO kernel32.lib user32.lib gdi32.lib winspool.lib comdlg32.lib advapi32.lib shell32.lib ole32.lib oleaut32.lib uuid.lib odbc32.lib odbccp32.lib /MANIFEST /MANIFESTUAC:"level='asInvoker' uiAccess='false'" /manifest:embed /DEBUG /PDB:"D:\BSTU\3 семестр\АиСД\Лаб 11 100 заключенных\100Prisoners\x64\Debug\100Prisoners.pdb" /SUBSYSTEM:CONSOLE /TLBID:1 /DYNAMICBASE /NXCOMPAT /IMPLIB:"D:\BSTU\3 семестр\АиСД\Лаб 11 100 заключенных\100Prisoners\x64\Debug\100Prisoners.lib" /MACHINE:X64 x64\Debug\100Prisoners.obj
         100Prisoners.vcxproj -> D:\BSTU\3 семестр\АиСД\Лаб 11 100 заключенных\100Prisoners\x64\Debug\100Prisoners.exe
       FinalizeBuildStatus:
         Файл "x64\Debug\100Prisoners.tlog\unsuccessfulbuild" удаляется.
         Обращение к "x64\Debug\100Prisoners.tlog\100Prisoners.lastbuildstate".
     1>Сборка проекта "D:\BSTU\3 семестр\АиСД\Лаб 11 100 заключенных\100Prisoners\100Prisoners\100Prisoners.vcxproj" завершена (целевые объекты Build).

Сборка успешно завершена.

       "D:\BSTU\3 семестр\АиСД\Лаб 11 100 заключенных\100Prisoners\100Prisoners\100Prisoners.vcxproj" (целевой объект Build ) (1) ->
       (Целевой объект ClCompile) -> 
         D:\BSTU\3 семестр\АиСД\Лаб 11 100 заключенных\100Prisoners\100Prisoners\100Prisoners.cpp(59,15): warning C4244: аргумент: преобразование "time_t" в "unsigned int", возможна потеря данных

    Предупреждений: 1
    Ошибок: 0

Прошло времени 00:00:00.76
