Сборка начата 21.11.2024 20:29:12.
Уровень детализации журнала: Normal.     1>Проект "D:\BSTU\3 семестр\КСиС\8\IP_Adress\IP_Adress\IP_Adress.vcxproj" в узле 2 (целевые объекты Rebuild).
     1>_PrepareForClean:
         Файл "x64\Debug\IP_Adress.tlog\IP_Adress.lastbuildstate" удаляется.
       PrepareForBuild:
         Структурированный вывод включен. Форматирование диагностики компилятора будет отражать иерархию ошибок. Подробнее см. https://aka.ms/cpp/structured-output.
       InitializeBuildStatus:
         Обращение к "x64\Debug\IP_Adress.tlog\unsuccessfulbuild".
       ClCompile:
         C:\Program Files\Microsoft Visual Studio\2022\Community\VC\Tools\MSVC\14.42.34433\bin\HostX64\x64\CL.exe /c /ZI /JMC /nologo /W3 /WX- /diagnostics:column /sdl /Od /D _DEBUG /D _CONSOLE /D _UNICODE /D UNICODE /Gm- /EHsc /RTC1 /MDd /GS /fp:precise /Zc:wchar_t /Zc:forScope /Zc:inline /permissive- /Fo"x64\Debug\\" /Fd"x64\Debug\vc143.pdb" /external:W3 /Gd /TP /FC /errorReport:prompt main.cpp
         main.cpp
       Link:
         C:\Program Files\Microsoft Visual Studio\2022\Community\VC\Tools\MSVC\14.42.34433\bin\HostX64\x64\link.exe /ERRORREPORT:PROMPT /OUT:"D:\BSTU\3 семестр\КСиС\8\IP_Adress\x64\Debug\IP_Adress.exe" /INCREMENTAL /ILK:"x64\Debug\IP_Adress.ilk" /NOLOGO kernel32.lib user32.lib gdi32.lib winspool.lib comdlg32.lib advapi32.lib shell32.lib ole32.lib oleaut32.lib uuid.lib odbc32.lib odbccp32.lib /MANIFEST /MANIFESTUAC:"level='asInvoker' uiAccess='false'" /manifest:embed /DEBUG /PDB:"D:\BSTU\3 семестр\КСиС\8\IP_Adress\x64\Debug\IP_Adress.pdb" /SUBSYSTEM:CONSOLE /TLBID:1 /DYNAMICBASE /NXCOMPAT /IMPLIB:"D:\BSTU\3 семестр\КСиС\8\IP_Adress\x64\Debug\IP_Adress.lib" /MACHINE:X64 x64\Debug\main.obj
         IP_Adress.vcxproj -> D:\BSTU\3 семестр\КСиС\8\IP_Adress\x64\Debug\IP_Adress.exe
       FinalizeBuildStatus:
         Файл "x64\Debug\IP_Adress.tlog\unsuccessfulbuild" удаляется.
         Обращение к "x64\Debug\IP_Adress.tlog\IP_Adress.lastbuildstate".
     1>Сборка проекта "D:\BSTU\3 семестр\КСиС\8\IP_Adress\IP_Adress\IP_Adress.vcxproj" завершена (целевые объекты Rebuild).

Сборка успешно завершена.
    Предупреждений: 0
    Ошибок: 0

Прошло времени 00:00:00.79
