Сборка начата 04.12.2024 21:48:32.
Уровень детализации журнала: Normal.     1>Проект "D:\BSTU\3 семестр\КПО\Asm04\Serialization\asm04\asm04.vcxproj" в узле 2 (целевые объекты Build).
     1>PrepareForBuild:
         Структурированный вывод включен. Форматирование диагностики компилятора будет отражать иерархию ошибок. Подробнее см. https://aka.ms/cpp/structured-output.
       InitializeBuildStatus:
         Обращение к "Debug\asm04.tlog\unsuccessfulbuild".
       _MASM:
         Assembling asm04.asm...
         cmd.exe /C "C:\Users\Brian\AppData\Local\Temp\tmp8f246f3265a541fb96bfe673c280ab2a.cmd"
         ml.exe /c /nologo /Zi /Fo"Debug\asm04.obj" /Fl"Debug\\" /W3 /errorReport:prompt  /Taasm04.asm
       Link:
         C:\Program Files\Microsoft Visual Studio\2022\Community\VC\Tools\MSVC\14.42.34433\bin\HostX86\x86\link.exe /ERRORREPORT:PROMPT /OUT:"D:\BSTU\3 семестр\КПО\Asm04\Serialization\Debug\asm04.exe" /INCREMENTAL /ILK:"Debug\asm04.ilk" /NOLOGO kernel32.lib user32.lib gdi32.lib winspool.lib comdlg32.lib advapi32.lib shell32.lib ole32.lib oleaut32.lib uuid.lib odbc32.lib odbccp32.lib /MANIFEST /MANIFESTUAC:"level='asInvoker' uiAccess='false'" /manifest:embed /DEBUG /PDB:"D:\BSTU\3 семестр\КПО\Asm04\Serialization\Debug\asm04.pdb" /SUBSYSTEM:CONSOLE /TLBID:1 /DYNAMICBASE /NXCOMPAT /IMPLIB:"D:\BSTU\3 семестр\КПО\Asm04\Serialization\Debug\asm04.lib" /MACHINE:X86 Debug\asm04.obj
         asm04.vcxproj -> D:\BSTU\3 семестр\КПО\Asm04\Serialization\Debug\asm04.exe
       FinalizeBuildStatus:
         Файл "Debug\asm04.tlog\unsuccessfulbuild" удаляется.
         Обращение к "Debug\asm04.tlog\asm04.lastbuildstate".
     1>Сборка проекта "D:\BSTU\3 семестр\КПО\Asm04\Serialization\asm04\asm04.vcxproj" завершена (целевые объекты Build).

Сборка успешно завершена.
    Предупреждений: 0
    Ошибок: 0

Прошло времени 00:00:00.40
