Microsoft (R) Macro Assembler Version 14.42.34433.0	    12/04/24 21:48:32
asm04.asm						     Page 1 - 1


				.586P
				.MODEL FLAT, STDCALL
				includelib kernel32.lib

				ExitProcess PROTO : DWORD
				MessageBoxA PROTO : DWORD, : DWORD, : DWORD, : DWORD

				.STACK 4096

 00000000			.CONST

 00000000			.DATA

 00000000 0000000A		INT_VAL 	 SDWORD 10
 00000004 0000000D		UINT_LIT 	 DWORD 13

 00000000			.CODE
 00000000			main PROC
 00000000  B8 00000004		mov 	 EAX, type INT_VAL
 00000005  BB 00000004		mov 	 EBX, type UINT_LIT
 0000000A  6A 00		push 0
 0000000C  E8 00000000 E	call ExitProcess
 00000011			main ENDP
				end main
Microsoft (R) Macro Assembler Version 14.42.34433.0	    12/04/24 21:48:32
asm04.asm						     Symbols 2 - 1




Segments and Groups:

                N a m e                 Size     Length   Align   Combine Class

CONST  . . . . . . . . . . . . .	32 Bit	 00000000 Para	  Public  'CONST'	 ReadOnly
FLAT . . . . . . . . . . . . . .	GROUP
STACK  . . . . . . . . . . . . .	32 Bit	 00001000 Para	  Stack	  'STACK'	 
_DATA  . . . . . . . . . . . . .	32 Bit	 00000008 Para	  Public  'DATA'	
_TEXT  . . . . . . . . . . . . .	32 Bit	 00000011 Para	  Public  'CODE'	


Procedures, parameters, and locals:

                N a m e                 Type     Value    Attr

ExitProcess  . . . . . . . . . .	P Near	 00000000 FLAT	Length= 00000000 External STDCALL
MessageBoxA  . . . . . . . . . .	P Near	 00000000 FLAT	Length= 00000000 External STDCALL
main . . . . . . . . . . . . . .	P Near	 00000000 _TEXT	Length= 00000011 Public STDCALL


Symbols:

                N a m e                 Type     Value    Attr

@CodeSize  . . . . . . . . . . .	Number	 00000000h   
@DataSize  . . . . . . . . . . .	Number	 00000000h   
@Interface . . . . . . . . . . .	Number	 00000003h   
@Model . . . . . . . . . . . . .	Number	 00000007h   
@code  . . . . . . . . . . . . .	Text   	 _TEXT
@data  . . . . . . . . . . . . .	Text   	 FLAT
@fardata?  . . . . . . . . . . .	Text   	 FLAT
@fardata . . . . . . . . . . . .	Text   	 FLAT
@stack . . . . . . . . . . . . .	Text   	 FLAT
INT_VAL  . . . . . . . . . . . .	DWord	 00000000 _DATA	
UINT_LIT . . . . . . . . . . . .	DWord	 00000004 _DATA	

	   0 Warnings
	   0 Errors
