Сборка начата 30.10.2024 19:13:51.
Уровень детализации журнала: Normal.     1>Проект "D:\BSTU\3 семестр\АиСД\Лаб 6 алгортим Хаффмана\HuffmanAlgorithm\HuffmanAlgorithm\HuffmanAlgorithm.vcxproj" в узле 2 (целевые объекты Build).
     1>PrepareForBuild:
         Структурированный вывод включен. Форматирование диагностики компилятора будет отражать иерархию ошибок. Подробнее см. https://aka.ms/cpp/structured-output.
       InitializeBuildStatus:
         Создание "Debug\HuffmanAlgorithm.tlog\unsuccessfulbuild", так как было задано "AlwaysCreate".
         Обращение к "Debug\HuffmanAlgorithm.tlog\unsuccessfulbuild".
       ClCompile:
         C:\Program Files\Microsoft Visual Studio\2022\Community\VC\Tools\MSVC\14.39.33519\bin\HostX86\x86\CL.exe /c /ZI /JMC /nologo /W3 /WX- /diagnostics:column /sdl /Od /Oy- /D WIN32 /D _DEBUG /D _CONSOLE /D _UNICODE /D UNICODE /Gm- /EHsc /RTC1 /MDd /GS /fp:precise /Zc:wchar_t /Zc:forScope /Zc:inline /permissive- /Fo"Debug\\" /Fd"Debug\vc143.pdb" /external:W3 /Gd /TP /analyze- /FC /errorReport:prompt algorithm.cpp
         algorithm.cpp
       Link:
         C:\Program Files\Microsoft Visual Studio\2022\Community\VC\Tools\MSVC\14.39.33519\bin\HostX86\x86\link.exe /ERRORREPORT:PROMPT /OUT:"D:\BSTU\3 семестр\АиСД\Лаб 6 алгортим Хаффмана\HuffmanAlgorithm\Debug\HuffmanAlgorithm.exe" /INCREMENTAL /ILK:"Debug\HuffmanAlgorithm.ilk" /NOLOGO kernel32.lib user32.lib gdi32.lib winspool.lib comdlg32.lib advapi32.lib shell32.lib ole32.lib oleaut32.lib uuid.lib odbc32.lib odbccp32.lib /MANIFEST /MANIFESTUAC:"level='asInvoker' uiAccess='false'" /manifest:embed /DEBUG /PDB:"D:\BSTU\3 семестр\АиСД\Лаб 6 алгортим Хаффмана\HuffmanAlgorithm\Debug\HuffmanAlgorithm.pdb" /SUBSYSTEM:CONSOLE /TLBID:1 /DYNAMICBASE /NXCOMPAT /IMPLIB:"D:\BSTU\3 семестр\АиСД\Лаб 6 алгортим Хаффмана\HuffmanAlgorithm\Debug\HuffmanAlgorithm.lib" /MACHINE:X86 Debug\algorithm.obj
         HuffmanAlgorithm.vcxproj -> D:\BSTU\3 семестр\АиСД\Лаб 6 алгортим Хаффмана\HuffmanAlgorithm\Debug\HuffmanAlgorithm.exe
       FinalizeBuildStatus:
         Файл "Debug\HuffmanAlgorithm.tlog\unsuccessfulbuild" удаляется.
         Обращение к "Debug\HuffmanAlgorithm.tlog\HuffmanAlgorithm.lastbuildstate".
     1>Сборка проекта "D:\BSTU\3 семестр\АиСД\Лаб 6 алгортим Хаффмана\HuffmanAlgorithm\HuffmanAlgorithm\HuffmanAlgorithm.vcxproj" завершена (целевые объекты Build).

Сборка успешно завершена.
    Предупреждений: 0
    Ошибок: 0

Прошло времени 00:00:02.20
