Сборка начата 26.11.2024 17:36:04.
Уровень детализации журнала: Normal.     1>Проект "D:\BSTU\3 семестр\КПО\Asm03\SE_Asm03\SE_Asm03\SE_Asm03.vcxproj" в узле 2 (целевые объекты Build).
     1>PrepareForBuild:
         Структурированный вывод включен. Форматирование диагностики компилятора будет отражать иерархию ошибок. Подробнее см. https://aka.ms/cpp/structured-output.
       InitializeBuildStatus:
         Создание "Debug\SE_Asm03.tlog\unsuccessfulbuild", так как было задано "AlwaysCreate".
         Обращение к "Debug\SE_Asm03.tlog\unsuccessfulbuild".
       _MASM:
         Assembling asm03.asm...
         cmd.exe /C "C:\Users\Brian\AppData\Local\Temp\tmp49d38cb106ec4f9ab128b3b6d144f2a0.cmd"
         ml.exe /c /nologo /Zi /Fo"Debug\asm03.obj" /Fl"Debug\\" /W3 /errorReport:prompt  /Taasm03.asm
       Link:
         C:\Program Files\Microsoft Visual Studio\2022\Community\VC\Tools\MSVC\14.42.34433\bin\HostX86\x86\link.exe /ERRORREPORT:PROMPT /OUT:"D:\BSTU\3 семестр\КПО\Asm03\SE_Asm03\Debug\SE_Asm03.exe" /INCREMENTAL /ILK:"Debug\SE_Asm03.ilk" /NOLOGO kernel32.lib user32.lib gdi32.lib winspool.lib comdlg32.lib advapi32.lib shell32.lib ole32.lib oleaut32.lib uuid.lib odbc32.lib odbccp32.lib /MANIFEST /MANIFESTUAC:"level='asInvoker' uiAccess='false'" /manifest:embed /DEBUG /PDB:"D:\BSTU\3 семестр\КПО\Asm03\SE_Asm03\Debug\SE_Asm03.pdb" /SUBSYSTEM:CONSOLE /TLBID:1 /DYNAMICBASE /NXCOMPAT /IMPLIB:"D:\BSTU\3 семестр\КПО\Asm03\SE_Asm03\Debug\SE_Asm03.lib" /MACHINE:X86 Debug\asm03.obj
         SE_Asm03.vcxproj -> D:\BSTU\3 семестр\КПО\Asm03\SE_Asm03\Debug\SE_Asm03.exe
       FinalizeBuildStatus:
         Файл "Debug\SE_Asm03.tlog\unsuccessfulbuild" удаляется.
         Обращение к "Debug\SE_Asm03.tlog\SE_Asm03.lastbuildstate".
     1>Сборка проекта "D:\BSTU\3 семестр\КПО\Asm03\SE_Asm03\SE_Asm03\SE_Asm03.vcxproj" завершена (целевые объекты Build).

Сборка успешно завершена.
    Предупреждений: 0
    Ошибок: 0

Прошло времени 00:00:00.88
