d:\bstu\3 семестр\кпо\лабораторная 17\se_lab17\se_lab17\debug\vc143.pdb
d:\bstu\3 семестр\кпо\лабораторная 17\se_lab17\se_lab17\debug\vc143.idb
d:\bstu\3 семестр\кпо\лабораторная 17\se_lab17\se_lab17\debug\se_lab17.obj
d:\bstu\3 семестр\кпо\лабораторная 17\se_lab17\se_lab17\debug\parm.obj
d:\bstu\3 семестр\кпо\лабораторная 17\se_lab17\se_lab17\debug\out.obj
d:\bstu\3 семестр\кпо\лабораторная 17\se_lab17\se_lab17\debug\lt.obj
d:\bstu\3 семестр\кпо\лабораторная 17\se_lab17\se_lab17\debug\log.obj
d:\bstu\3 семестр\кпо\лабораторная 17\se_lab17\se_lab17\debug\la.obj
d:\bstu\3 семестр\кпо\лабораторная 17\se_lab17\se_lab17\debug\it.obj
d:\bstu\3 семестр\кпо\лабораторная 17\se_lab17\se_lab17\debug\in.obj
d:\bstu\3 семестр\кпо\лабораторная 17\se_lab17\se_lab17\debug\fst.obj
d:\bstu\3 семестр\кпо\лабораторная 17\se_lab17\se_lab17\debug\error.obj
d:\bstu\3 семестр\кпо\лабораторная 17\se_lab17\debug\se_lab17.exe
d:\bstu\3 семестр\кпо\лабораторная 17\se_lab17\debug\se_lab17.pdb
d:\bstu\3 семестр\кпо\лабораторная 17\se_lab17\se_lab17\debug\se_lab17.ilk
d:\bstu\3 семестр\кпо\лабораторная 17\se_lab17\se_lab17\debug\se_lab17.tlog\cl.command.1.tlog
d:\bstu\3 семестр\кпо\лабораторная 17\se_lab17\se_lab17\debug\se_lab17.tlog\cl.items.tlog
d:\bstu\3 семестр\кпо\лабораторная 17\se_lab17\se_lab17\debug\se_lab17.tlog\cl.read.1.tlog
d:\bstu\3 семестр\кпо\лабораторная 17\se_lab17\se_lab17\debug\se_lab17.tlog\cl.write.1.tlog
d:\bstu\3 семестр\кпо\лабораторная 17\se_lab17\se_lab17\debug\se_lab17.tlog\link.command.1.tlog
d:\bstu\3 семестр\кпо\лабораторная 17\se_lab17\se_lab17\debug\se_lab17.tlog\link.read.1.tlog
d:\bstu\3 семестр\кпо\лабораторная 17\se_lab17\se_lab17\debug\se_lab17.tlog\link.secondary.1.tlog
d:\bstu\3 семестр\кпо\лабораторная 17\se_lab17\se_lab17\debug\se_lab17.tlog\link.write.1.tlog
