Сборка начата 24.09.2024 09:21:02.
Уровень детализации журнала: Normal.     1>Проект "D:\BSTU\3 семестр\КПО\Лабораторная 15\SE_Lab15\SE_Lab15\SE_Lab15.vcxproj" в узле 2 (целевые объекты Rebuild).
     1>_PrepareForClean:
         Файл "Debug\SE_Lab15.tlog\SE_Lab15.lastbuildstate" удаляется.
       PrepareForBuild:
         Структурированный вывод включен. Форматирование диагностики компилятора будет отражать иерархию ошибок. Подробнее см. https://aka.ms/cpp/structured-output.
       InitializeBuildStatus:
         Создание "Debug\SE_Lab15.tlog\unsuccessfulbuild", так как было задано "AlwaysCreate".
         Обращение к "Debug\SE_Lab15.tlog\unsuccessfulbuild".
       ClCompile:
         C:\Program Files\Microsoft Visual Studio\2022\Community\VC\Tools\MSVC\14.39.33519\bin\HostX86\x86\CL.exe /c /ZI /JMC /nologo /W3 /WX- /diagnostics:column /sdl /Od /Oy- /D WIN32 /D _DEBUG /D _CONSOLE /D _UNICODE /D UNICODE /Gm- /EHsc /RTC1 /MDd /GS /fp:precise /Zc:wchar_t /Zc:forScope /Zc:inline /permissive- /Fo"Debug\\" /Fd"Debug\vc143.pdb" /external:W3 /Gd /TP /analyze- /FC /errorReport:prompt Error.cpp In.cpp Log.cpp Out.cpp Parm.cpp SE_Lab15.cpp
         Error.cpp
     1>D:\BSTU\3 семестр\КПО\Лабораторная 15\SE_Lab15\SE_Lab15\Error.cpp(33,9): warning C4101: error_test: неиспользованная локальная переменная
     1>D:\BSTU\3 семестр\КПО\Лабораторная 15\SE_Lab15\SE_Lab15\Error.cpp(44,9): warning C4101: error_test: неиспользованная локальная переменная
         In.cpp
         Log.cpp
         Out.cpp
         Parm.cpp
         SE_Lab15.cpp
         Создание кода...
       Link:
         C:\Program Files\Microsoft Visual Studio\2022\Community\VC\Tools\MSVC\14.39.33519\bin\HostX86\x86\link.exe /ERRORREPORT:PROMPT /OUT:"D:\BSTU\3 семестр\КПО\Лабораторная 15\SE_Lab15\Debug\SE_Lab15.exe" /INCREMENTAL /ILK:"Debug\SE_Lab15.ilk" /NOLOGO kernel32.lib user32.lib gdi32.lib winspool.lib comdlg32.lib advapi32.lib shell32.lib ole32.lib oleaut32.lib uuid.lib odbc32.lib odbccp32.lib /MANIFEST /MANIFESTUAC:"level='asInvoker' uiAccess='false'" /manifest:embed /DEBUG /PDB:"D:\BSTU\3 семестр\КПО\Лабораторная 15\SE_Lab15\Debug\SE_Lab15.pdb" /SUBSYSTEM:CONSOLE /TLBID:1 /DYNAMICBASE /NXCOMPAT /IMPLIB:"D:\BSTU\3 семестр\КПО\Лабораторная 15\SE_Lab15\Debug\SE_Lab15.lib" /MACHINE:X86 Debug\Error.obj
         Debug\In.obj
         Debug\Log.obj
         Debug\Out.obj
         Debug\Parm.obj
         Debug\SE_Lab15.obj
         SE_Lab15.vcxproj -> D:\BSTU\3 семестр\КПО\Лабораторная 15\SE_Lab15\Debug\SE_Lab15.exe
       FinalizeBuildStatus:
         Файл "Debug\SE_Lab15.tlog\unsuccessfulbuild" удаляется.
         Обращение к "Debug\SE_Lab15.tlog\SE_Lab15.lastbuildstate".
     1>Сборка проекта "D:\BSTU\3 семестр\КПО\Лабораторная 15\SE_Lab15\SE_Lab15\SE_Lab15.vcxproj" завершена (целевые объекты Rebuild).

Сборка успешно завершена.

       "D:\BSTU\3 семестр\КПО\Лабораторная 15\SE_Lab15\SE_Lab15\SE_Lab15.vcxproj" (целевой объект Rebuild ) (1) ->
       (Целевой объект ClCompile) -> 
         D:\BSTU\3 семестр\КПО\Лабораторная 15\SE_Lab15\SE_Lab15\Error.cpp(33,9): warning C4101: error_test: неиспользованная локальная переменная
         D:\BSTU\3 семестр\КПО\Лабораторная 15\SE_Lab15\SE_Lab15\Error.cpp(44,9): warning C4101: error_test: неиспользованная локальная переменная

    Предупреждений: 2
    Ошибок: 0

Прошло времени 00:00:04.50
