Сборка начата 10.12.2024 22:37:02.
Уровень детализации журнала: Normal.     1>Проект "D:\BSTU\3 семестр\КПО\Лабораторная 19\SE_asm01\SE_asm01a\SE_asm01a.vcxproj" в узле 6 (целевые объекты Rebuild).
     1>_PrepareForClean:
         Файл "Debug\SE_asm01a.tlog\SE_asm01a.lastbuildstate" удаляется.
       PrepareForBuild:
         Структурированный вывод включен. Форматирование диагностики компилятора будет отражать иерархию ошибок. Подробнее см. https://aka.ms/cpp/structured-output.
       InitializeBuildStatus:
         Создание "Debug\SE_asm01a.tlog\unsuccessfulbuild", так как было задано "AlwaysCreate".
         Обращение к "Debug\SE_asm01a.tlog\unsuccessfulbuild".
       _MASM:
         Assembling SE_asm01a.asm...
         cmd.exe /C "C:\Users\Brian\AppData\Local\Temp\tmp0c649dfd177b4b8d9b32fda1938640e9.cmd"
         ml.exe /c /nologo /Zi /Fo"Debug\SE_asm01a.obj" /W3 /errorReport:prompt  /TaSE_asm01a.asm
       Lib:
         C:\Program Files\Microsoft Visual Studio\2022\Community\VC\Tools\MSVC\14.42.34433\bin\HostX86\x86\Lib.exe /OUT:"D:\BSTU\3 семестр\КПО\Лабораторная 19\SE_asm01\Debug\SE_asm01a.lib" /NOLOGO /MACHINE:X86 Debug\SE_asm01a.obj
         SE_asm01a.vcxproj -> D:\BSTU\3 семестр\КПО\Лабораторная 19\SE_asm01\Debug\SE_asm01a.lib
       FinalizeBuildStatus:
         Файл "Debug\SE_asm01a.tlog\unsuccessfulbuild" удаляется.
         Обращение к "Debug\SE_asm01a.tlog\SE_asm01a.lastbuildstate".
     1>Сборка проекта "D:\BSTU\3 семестр\КПО\Лабораторная 19\SE_asm01\SE_asm01a\SE_asm01a.vcxproj" завершена (целевые объекты Rebuild).

Сборка успешно завершена.
    Предупреждений: 0
    Ошибок: 0

Прошло времени 00:00:00.58
