Сборка начата 04.12.2024 21:48:19.
Уровень детализации журнала: Normal.     1>Проект "D:\BSTU\3 семестр\КПО\Asm04\Serialization\Deserialization\Deserialization.vcxproj" в узле 2 (целевые объекты Build).
     1>PrepareForBuild:
         Структурированный вывод включен. Форматирование диагностики компилятора будет отражать иерархию ошибок. Подробнее см. https://aka.ms/cpp/structured-output.
       InitializeBuildStatus:
         Создание "Debug\Deserialization.tlog\unsuccessfulbuild", так как было задано "AlwaysCreate".
         Обращение к "Debug\Deserialization.tlog\unsuccessfulbuild".
       ClCompile:
         C:\Program Files\Microsoft Visual Studio\2022\Community\VC\Tools\MSVC\14.42.34433\bin\HostX86\x86\CL.exe /c /ZI /JMC /nologo /W3 /WX- /diagnostics:column /sdl /Od /Oy- /D WIN32 /D _DEBUG /D _CONSOLE /D _UNICODE /D UNICODE /Gm- /EHsc /RTC1 /MDd /GS /fp:precise /Zc:wchar_t /Zc:forScope /Zc:inline /permissive- /Fo"Debug\\" /Fd"Debug\vc143.pdb" /external:W3 /Gd /TP /analyze- /FC /errorReport:prompt deserializer.cpp
         deserializer.cpp
       Link:
         C:\Program Files\Microsoft Visual Studio\2022\Community\VC\Tools\MSVC\14.42.34433\bin\HostX86\x86\link.exe /ERRORREPORT:PROMPT /OUT:"D:\BSTU\3 семестр\КПО\Asm04\Serialization\Debug\Deserialization.exe" /INCREMENTAL /ILK:"Debug\Deserialization.ilk" /NOLOGO kernel32.lib user32.lib gdi32.lib winspool.lib comdlg32.lib advapi32.lib shell32.lib ole32.lib oleaut32.lib uuid.lib odbc32.lib odbccp32.lib /MANIFEST /MANIFESTUAC:"level='asInvoker' uiAccess='false'" /manifest:embed /DEBUG /PDB:"D:\BSTU\3 семестр\КПО\Asm04\Serialization\Debug\Deserialization.pdb" /SUBSYSTEM:CONSOLE /TLBID:1 /DYNAMICBASE /NXCOMPAT /IMPLIB:"D:\BSTU\3 семестр\КПО\Asm04\Serialization\Debug\Deserialization.lib" /MACHINE:X86 Debug\deserializer.obj
         Debug\main.obj
         Deserialization.vcxproj -> D:\BSTU\3 семестр\КПО\Asm04\Serialization\Debug\Deserialization.exe
       FinalizeBuildStatus:
         Файл "Debug\Deserialization.tlog\unsuccessfulbuild" удаляется.
         Обращение к "Debug\Deserialization.tlog\Deserialization.lastbuildstate".
     1>Сборка проекта "D:\BSTU\3 семестр\КПО\Asm04\Serialization\Deserialization\Deserialization.vcxproj" завершена (целевые объекты Build).

Сборка успешно завершена.
    Предупреждений: 0
    Ошибок: 0

Прошло времени 00:00:00.88
