Сборка начата 10.12.2024 22:37:02.
Уровень детализации журнала: Normal.     1>Проект "D:\BSTU\3 семестр\КПО\Лабораторная 19\SE_asm01\SE_asm01\SE_asm01.vcxproj" в узле 7 (целевые объекты Rebuild).
     1>_PrepareForClean:
         Файл "Debug\SE_asm01.tlog\SE_asm01.lastbuildstate" удаляется.
       PrepareForBuild:
         Структурированный вывод включен. Форматирование диагностики компилятора будет отражать иерархию ошибок. Подробнее см. https://aka.ms/cpp/structured-output.
       InitializeBuildStatus:
         Создание "Debug\SE_asm01.tlog\unsuccessfulbuild", так как было задано "AlwaysCreate".
         Обращение к "Debug\SE_asm01.tlog\unsuccessfulbuild".
       _MASM:
         Assembling asm01.asm...
         cmd.exe /C "C:\Users\Brian\AppData\Local\Temp\tmpb24300ab35ec48c79a59f3b13e3f1d49.cmd"
         ml.exe /c /nologo /Zi /Fo"Debug\asm01.obj" /Fl"Debug\\" /W3 /errorReport:prompt  /Taasm01.asm
     1>asm01.asm(39): warning A6001: no return from procedure
       Link:
         C:\Program Files\Microsoft Visual Studio\2022\Community\VC\Tools\MSVC\14.42.34433\bin\HostX86\x86\link.exe /ERRORREPORT:PROMPT /OUT:"D:\BSTU\3 семестр\КПО\Лабораторная 19\SE_asm01\Debug\SE_asm01.exe" /INCREMENTAL /ILK:"Debug\SE_asm01.ilk" /NOLOGO kernel32.lib user32.lib gdi32.lib winspool.lib comdlg32.lib advapi32.lib shell32.lib ole32.lib oleaut32.lib uuid.lib odbc32.lib odbccp32.lib /MANIFEST /MANIFESTUAC:"level='asInvoker' uiAccess='false'" /manifest:embed /DEBUG /PDB:"D:\BSTU\3 семестр\КПО\Лабораторная 19\SE_asm01\Debug\SE_asm01.pdb" /SUBSYSTEM:CONSOLE /TLBID:1 /DYNAMICBASE /NXCOMPAT /IMPLIB:"D:\BSTU\3 семестр\КПО\Лабораторная 19\SE_asm01\Debug\SE_asm01.lib" /MACHINE:X86 Debug\asm01.obj
         SE_asm01.vcxproj -> D:\BSTU\3 семестр\КПО\Лабораторная 19\SE_asm01\Debug\SE_asm01.exe
       FinalizeBuildStatus:
         Файл "Debug\SE_asm01.tlog\unsuccessfulbuild" удаляется.
         Обращение к "Debug\SE_asm01.tlog\SE_asm01.lastbuildstate".
     1>Сборка проекта "D:\BSTU\3 семестр\КПО\Лабораторная 19\SE_asm01\SE_asm01\SE_asm01.vcxproj" завершена (целевые объекты Rebuild).

Сборка успешно завершена.

       "D:\BSTU\3 семестр\КПО\Лабораторная 19\SE_asm01\SE_asm01\SE_asm01.vcxproj" (целевой объект Rebuild ) (1) ->
       (Целевой объект _MASM) -> 
         asm01.asm(39): warning A6001: no return from procedure

    Предупреждений: 1
    Ошибок: 0

Прошло времени 00:00:00.65
