Сборка начата 28.11.2024 15:12:56.
Уровень детализации журнала: Normal.     1>Проект "D:\BSTU\3 семестр\АиСД\Лаб 8 рюкзак без повторений\Knapsack\Knapsack\Knapsack.vcxproj" в узле 2 (целевые объекты Rebuild).
     1>_PrepareForClean:
         Файл "x64\Debug\Knapsack.tlog\Knapsack.lastbuildstate" удаляется.
       PrepareForBuild:
         Структурированный вывод включен. Форматирование диагностики компилятора будет отражать иерархию ошибок. Подробнее см. https://aka.ms/cpp/structured-output.
       InitializeBuildStatus:
         Создание "x64\Debug\Knapsack.tlog\unsuccessfulbuild", так как было задано "AlwaysCreate".
         Обращение к "x64\Debug\Knapsack.tlog\unsuccessfulbuild".
       ClCompile:
         C:\Program Files\Microsoft Visual Studio\2022\Community\VC\Tools\MSVC\14.42.34433\bin\HostX64\x64\CL.exe /c /ZI /JMC /nologo /W3 /WX- /diagnostics:column /sdl /Od /D _DEBUG /D _CONSOLE /D _UNICODE /D UNICODE /Gm- /EHsc /RTC1 /MDd /GS /fp:precise /Zc:wchar_t /Zc:forScope /Zc:inline /permissive- /Fo"x64\Debug\\" /Fd"x64\Debug\vc143.pdb" /external:W3 /Gd /TP /FC /errorReport:prompt algorithm.cpp
         algorithm.cpp
     1>D:\BSTU\3 семестр\АиСД\Лаб 8 рюкзак без повторений\Knapsack\Knapsack\algorithm.cpp(5,6): warning C4326: возвращаемый тип "main" должен быть "int", а не "void"
       Link:
         C:\Program Files\Microsoft Visual Studio\2022\Community\VC\Tools\MSVC\14.42.34433\bin\HostX64\x64\link.exe /ERRORREPORT:PROMPT /OUT:"D:\BSTU\3 семестр\АиСД\Лаб 8 рюкзак без повторений\Knapsack\x64\Debug\Knapsack.exe" /INCREMENTAL /ILK:"x64\Debug\Knapsack.ilk" /NOLOGO kernel32.lib user32.lib gdi32.lib winspool.lib comdlg32.lib advapi32.lib shell32.lib ole32.lib oleaut32.lib uuid.lib odbc32.lib odbccp32.lib /MANIFEST /MANIFESTUAC:"level='asInvoker' uiAccess='false'" /manifest:embed /DEBUG /PDB:"D:\BSTU\3 семестр\АиСД\Лаб 8 рюкзак без повторений\Knapsack\x64\Debug\Knapsack.pdb" /SUBSYSTEM:CONSOLE /TLBID:1 /DYNAMICBASE /NXCOMPAT /IMPLIB:"D:\BSTU\3 семестр\АиСД\Лаб 8 рюкзак без повторений\Knapsack\x64\Debug\Knapsack.lib" /MACHINE:X64 x64\Debug\algorithm.obj
         Knapsack.vcxproj -> D:\BSTU\3 семестр\АиСД\Лаб 8 рюкзак без повторений\Knapsack\x64\Debug\Knapsack.exe
       FinalizeBuildStatus:
         Файл "x64\Debug\Knapsack.tlog\unsuccessfulbuild" удаляется.
         Обращение к "x64\Debug\Knapsack.tlog\Knapsack.lastbuildstate".
     1>Сборка проекта "D:\BSTU\3 семестр\АиСД\Лаб 8 рюкзак без повторений\Knapsack\Knapsack\Knapsack.vcxproj" завершена (целевые объекты Rebuild).

Сборка успешно завершена.

       "D:\BSTU\3 семестр\АиСД\Лаб 8 рюкзак без повторений\Knapsack\Knapsack\Knapsack.vcxproj" (целевой объект Rebuild ) (1) ->
       (Целевой объект ClCompile) -> 
         D:\BSTU\3 семестр\АиСД\Лаб 8 рюкзак без повторений\Knapsack\Knapsack\algorithm.cpp(5,6): warning C4326: возвращаемый тип "main" должен быть "int", а не "void"

    Предупреждений: 1
    Ошибок: 0

Прошло времени 00:00:02.73
