Сборка начата 26.12.2024 11:30:24.
Уровень детализации журнала: Normal.     1>Проект "D:\BSTU\3 семестр\АиСД\Лаб 10 муравьиный алгоритм\AntAlgorithm\AntAlgorithm\AntAlgorithm.vcxproj" в узле 2 (целевые объекты Build).
     1>PrepareForBuild:
         Структурированный вывод включен. Форматирование диагностики компилятора будет отражать иерархию ошибок. Подробнее см. https://aka.ms/cpp/structured-output.
       InitializeBuildStatus:
         Создание "x64\Debug\AntAlgorithm.tlog\unsuccessfulbuild", так как было задано "AlwaysCreate".
         Обращение к "x64\Debug\AntAlgorithm.tlog\unsuccessfulbuild".
       ClCompile:
         C:\Program Files\Microsoft Visual Studio\2022\Community\VC\Tools\MSVC\14.42.34433\bin\HostX64\x64\CL.exe /c /ZI /JMC /nologo /W3 /WX- /diagnostics:column /sdl /Od /D _DEBUG /D _CONSOLE /D _UNICODE /D UNICODE /Gm- /EHsc /RTC1 /MDd /GS /fp:precise /Zc:wchar_t /Zc:forScope /Zc:inline /permissive- /Fo"x64\Debug\\" /Fd"x64\Debug\vc143.pdb" /external:W3 /Gd /TP /FC /errorReport:prompt AntAlgorithm.cpp
         AntAlgorithm.cpp
     1>D:\BSTU\3 семестр\АиСД\Лаб 10 муравьиный алгоритм\AntAlgorithm\AntAlgorithm\AntAlgorithm.cpp(48,19): warning C4267: инициализация: преобразование из "size_t" в "int"; возможна потеря данных
     1>D:\BSTU\3 семестр\АиСД\Лаб 10 муравьиный алгоритм\AntAlgorithm\AntAlgorithm\AntAlgorithm.cpp(77,15): warning C4244: аргумент: преобразование "time_t" в "unsigned int", возможна потеря данных
       Link:
         C:\Program Files\Microsoft Visual Studio\2022\Community\VC\Tools\MSVC\14.42.34433\bin\HostX64\x64\link.exe /ERRORREPORT:PROMPT /OUT:"D:\BSTU\3 семестр\АиСД\Лаб 10 муравьиный алгоритм\AntAlgorithm\x64\Debug\AntAlgorithm.exe" /INCREMENTAL /ILK:"x64\Debug\AntAlgorithm.ilk" /NOLOGO kernel32.lib user32.lib gdi32.lib winspool.lib comdlg32.lib advapi32.lib shell32.lib ole32.lib oleaut32.lib uuid.lib odbc32.lib odbccp32.lib /MANIFEST /MANIFESTUAC:"level='asInvoker' uiAccess='false'" /manifest:embed /DEBUG /PDB:"D:\BSTU\3 семестр\АиСД\Лаб 10 муравьиный алгоритм\AntAlgorithm\x64\Debug\AntAlgorithm.pdb" /SUBSYSTEM:CONSOLE /TLBID:1 /DYNAMICBASE /NXCOMPAT /IMPLIB:"D:\BSTU\3 семестр\АиСД\Лаб 10 муравьиный алгоритм\AntAlgorithm\x64\Debug\AntAlgorithm.lib" /MACHINE:X64 x64\Debug\AntAlgorithm.obj
         AntAlgorithm.vcxproj -> D:\BSTU\3 семестр\АиСД\Лаб 10 муравьиный алгоритм\AntAlgorithm\x64\Debug\AntAlgorithm.exe
       FinalizeBuildStatus:
         Файл "x64\Debug\AntAlgorithm.tlog\unsuccessfulbuild" удаляется.
         Обращение к "x64\Debug\AntAlgorithm.tlog\AntAlgorithm.lastbuildstate".
     1>Сборка проекта "D:\BSTU\3 семестр\АиСД\Лаб 10 муравьиный алгоритм\AntAlgorithm\AntAlgorithm\AntAlgorithm.vcxproj" завершена (целевые объекты Build).

Сборка успешно завершена.

       "D:\BSTU\3 семестр\АиСД\Лаб 10 муравьиный алгоритм\AntAlgorithm\AntAlgorithm\AntAlgorithm.vcxproj" (целевой объект Build ) (1) ->
       (Целевой объект ClCompile) -> 
         D:\BSTU\3 семестр\АиСД\Лаб 10 муравьиный алгоритм\AntAlgorithm\AntAlgorithm\AntAlgorithm.cpp(48,19): warning C4267: инициализация: преобразование из "size_t" в "int"; возможна потеря данных
         D:\BSTU\3 семестр\АиСД\Лаб 10 муравьиный алгоритм\AntAlgorithm\AntAlgorithm\AntAlgorithm.cpp(77,15): warning C4244: аргумент: преобразование "time_t" в "unsigned int", возможна потеря данных

    Предупреждений: 2
    Ошибок: 0

Прошло времени 00:00:02.55
