Сборка начата 05.09.2024 20:28:01.
Уровень детализации журнала: Normal.     1>Проект "D:\BSTU\3 семестр\АиСД\Лаб 1 ханойская башня\HanoiTower\HanoiTower\HanoiTower.vcxproj" в узле 2 (целевые объекты Build).
     1>PrepareForBuild:
         Структурированный вывод включен. Форматирование диагностики компилятора будет отражать иерархию ошибок. Подробнее см. https://aka.ms/cpp/structured-output.
       InitializeBuildStatus:
         Создание "Debug\HanoiTower.tlog\unsuccessfulbuild", так как было задано "AlwaysCreate".
         Обращение к "Debug\HanoiTower.tlog\unsuccessfulbuild".
       ClCompile:
         C:\Program Files\Microsoft Visual Studio\2022\Community\VC\Tools\MSVC\14.39.33519\bin\HostX86\x86\CL.exe /c /ZI /JMC /nologo /W3 /WX- /diagnostics:column /sdl /Od /Oy- /D WIN32 /D _DEBUG /D _CONSOLE /D _UNICODE /D UNICODE /Gm- /EHsc /RTC1 /MDd /GS /fp:precise /Zc:wchar_t /Zc:forScope /Zc:inline /permissive- /Fo"Debug\\" /Fd"Debug\vc143.pdb" /external:W3 /Gd /TP /analyze- /FC /errorReport:prompt Hanoi.cpp
         Hanoi.cpp
       Link:
         C:\Program Files\Microsoft Visual Studio\2022\Community\VC\Tools\MSVC\14.39.33519\bin\HostX86\x86\link.exe /ERRORREPORT:PROMPT /OUT:"D:\BSTU\3 семестр\АиСД\Лаб 1 ханойская башня\HanoiTower\Debug\HanoiTower.exe" /INCREMENTAL /ILK:"Debug\HanoiTower.ilk" /NOLOGO kernel32.lib user32.lib gdi32.lib winspool.lib comdlg32.lib advapi32.lib shell32.lib ole32.lib oleaut32.lib uuid.lib odbc32.lib odbccp32.lib /MANIFEST /MANIFESTUAC:"level='asInvoker' uiAccess='false'" /manifest:embed /DEBUG /PDB:"D:\BSTU\3 семестр\АиСД\Лаб 1 ханойская башня\HanoiTower\Debug\HanoiTower.pdb" /SUBSYSTEM:CONSOLE /TLBID:1 /DYNAMICBASE /NXCOMPAT /IMPLIB:"D:\BSTU\3 семестр\АиСД\Лаб 1 ханойская башня\HanoiTower\Debug\HanoiTower.lib" /MACHINE:X86 Debug\Hanoi.obj
         HanoiTower.vcxproj -> D:\BSTU\3 семестр\АиСД\Лаб 1 ханойская башня\HanoiTower\Debug\HanoiTower.exe
       FinalizeBuildStatus:
         Файл "Debug\HanoiTower.tlog\unsuccessfulbuild" удаляется.
         Обращение к "Debug\HanoiTower.tlog\HanoiTower.lastbuildstate".
     1>Сборка проекта "D:\BSTU\3 семестр\АиСД\Лаб 1 ханойская башня\HanoiTower\HanoiTower\HanoiTower.vcxproj" завершена (целевые объекты Build).

Сборка успешно завершена.
    Предупреждений: 0
    Ошибок: 0

Прошло времени 00:00:01.44
